<?xml version="1.0" encoding="UTF-8"?>
<!-- Generated by org.testng.reporters.JUnitReportReporter -->
<testsuite skipped="0" hostname="DESKTOP-881CB56" name="com.darksky.tests.HomePageTest" tests="1" failures="0" timestamp="26 Mar 2021 20:20:12 GMT" time="35.948" errors="0">
  <testcase name="isDisplayedLowAndHighTemp" time="35.948" classname="com.darksky.tests.HomePageTest"/>
</testsuite> <!-- com.darksky.tests.HomePageTest -->
